<?xml version="1.0" encoding="UTF-8"?>
<!-- Generated by org.testng.reporters.JUnitXMLReporter -->
<testsuite hostname="Basu-PC" ignored="0" name="Default test" tests="1" failures="0" timestamp="21 Jul 2019 07:40:29 GMT" time="13.597" errors="0">
  <testcase name="@BeforeTest beforeTest" time="13.442" classname="appiumTest.CallMiA1">
    <failure type="org.openqa.selenium.SessionNotCreatedException" message="An unknown server-side error occurred while processing the command. Original error: Cannot start the &amp;apos;com.google.android.dialer&amp;apos; application. Visit https://github.com/appium/appium/blob/master/docs/en/writing-running-appium/android/activity-startup.md for troubleshooting. Original error: Error executing adbExec. Original error: &amp;apos;Command &amp;apos;C\:\\android-sdk\\platform-tools\\adb.exe -P 5037 -s 198d6aec0104 shell am start -W -n com.google.android.dialer/com.android.dialer.app.calllog.CallLogActivity -S&amp;apos; exited with code 255&amp;apos;; Stderr: &amp;apos;Security exception: Permission Denial: starting Intent { flg=0x10000000 cmp=com.google.android.dialer/com.android.dialer.app.calllog.CallLogActivity } from null (pid=22210, uid=2000) not exported from uid 10105

java.lang.SecurityException: Permission Denial: starting Intent { flg=0x10000000 cmp=com.google.android.dialer/com.android.dialer.app.calllog.CallLogActivity } from null (pid=22210, uid=2000) not exported from uid 10105
	at com.android.server.am.ActivityStackSupervisor.checkStartAnyActivityPermission(ActivityStackSupervisor.java:1795)
	at com.android.server.am.ActivityStarter.startActivity(ActivityStarter.java:721)
	at com.android.server.am.ActivityStarter.startActivity(ActivityStarter.java:548)
	at com.android.server.am.ActivityStarter.startActivityMayWait(ActivityStarter.java:1103)
	at com.android.server.am.ActivityStarter.execute(ActivityStarter.java:490)
	at com.android.server.am.ActivityManagerService.startActivityAndWait(ActivityManagerService.java:5337)
	at com.android.server.am.ActivityManagerShellCommand.runStartActivity(ActivityManagerShellCommand.java:474)
	at com.android.server.am.ActivityManagerShellCommand.onCommand(ActivityManagerShellCommand.java:161)
	at android.os.ShellCommand.exec(ShellCommand.java:103)
	at com.android.server.am.ActivityManagerService.onShellCommand(ActivityManagerService.java:16192)
	at android.os.Binder.shellCommand(Binder.java:634)
	at android.os.Binder.onTransact(Binder.java:532)
	at android.app.IActivityManager$Stub.onTransact(IActivityManager.java:3592)
	at com.android.server.am.ActivityManagerService.onTransact(ActivityManagerService.java:3346)
	at android.os.Binder.execTransact(Binder.java:731)&amp;apos;; Code: &amp;apos;255&amp;apos; (WARNING: The server did not provide any stacktrace information)
Command duration or timeout: 0 milliseconds
Build info: version: &amp;apos;unknown&amp;apos;, revision: &amp;apos;b526bd5&amp;apos;, time: &amp;apos;2017-03-07 11:11:07 -0800&amp;apos;
System info: host: &amp;apos;BASU-PC&amp;apos;, ip: &amp;apos;192.168.3.18&amp;apos;, os.name: &amp;apos;Windows 7&amp;apos;, os.arch: &amp;apos;amd64&amp;apos;, os.version: &amp;apos;6.1&amp;apos;, java.version: &amp;apos;1.8.0_171&amp;apos;
Driver info: driver.version: RemoteWebDriver">
      <![CDATA[org.openqa.selenium.SessionNotCreatedException: An unknown server-side error occurred while processing the command. Original error: Cannot start the 'com.google.android.dialer' application. Visit https://github.com/appium/appium/blob/master/docs/en/writing-running-appium/android/activity-startup.md for troubleshooting. Original error: Error executing adbExec. Original error: 'Command 'C\:\\android-sdk\\platform-tools\\adb.exe -P 5037 -s 198d6aec0104 shell am start -W -n com.google.android.dialer/com.android.dialer.app.calllog.CallLogActivity -S' exited with code 255'; Stderr: 'Security exception: Permission Denial: starting Intent { flg=0x10000000 cmp=com.google.android.dialer/com.android.dialer.app.calllog.CallLogActivity } from null (pid=22210, uid=2000) not exported from uid 10105

java.lang.SecurityException: Permission Denial: starting Intent { flg=0x10000000 cmp=com.google.android.dialer/com.android.dialer.app.calllog.CallLogActivity } from null (pid=22210, uid=2000) not exported from uid 10105
at com.android.server.am.ActivityStackSupervisor.checkStartAnyActivityPermission(ActivityStackSupervisor.java:1795)
at com.android.server.am.ActivityStarter.startActivity(ActivityStarter.java:721)
at com.android.server.am.ActivityStarter.startActivity(ActivityStarter.java:548)
at com.android.server.am.ActivityStarter.startActivityMayWait(ActivityStarter.java:1103)
at com.android.server.am.ActivityStarter.execute(ActivityStarter.java:490)
at com.android.server.am.ActivityManagerService.startActivityAndWait(ActivityManagerService.java:5337)
at com.android.server.am.ActivityManagerShellCommand.runStartActivity(ActivityManagerShellCommand.java:474)
at com.android.server.am.ActivityManagerShellCommand.onCommand(ActivityManagerShellCommand.java:161)
at android.os.ShellCommand.exec(ShellCommand.java:103)
at com.android.server.am.ActivityManagerService.onShellCommand(ActivityManagerService.java:16192)
at android.os.Binder.shellCommand(Binder.java:634)
at android.os.Binder.onTransact(Binder.java:532)
at android.app.IActivityManager$Stub.onTransact(IActivityManager.java:3592)
at com.android.server.am.ActivityManagerService.onTransact(ActivityManagerService.java:3346)
at android.os.Binder.execTransact(Binder.java:731)'; Code: '255' (WARNING: The server did not provide any stacktrace information)
Command duration or timeout: 0 milliseconds
Build info: version: 'unknown', revision: 'b526bd5', time: '2017-03-07 11:11:07 -0800'
System info: host: 'BASU-PC', ip: '192.168.3.18', os.name: 'Windows 7', os.arch: 'amd64', os.version: '6.1', java.version: '1.8.0_171'
Driver info: driver.version: RemoteWebDriver
at sun.reflect.NativeConstructorAccessorImpl.newInstance0(Native Method)
at sun.reflect.NativeConstructorAccessorImpl.newInstance(NativeConstructorAccessorImpl.java:62)
at sun.reflect.DelegatingConstructorAccessorImpl.newInstance(DelegatingConstructorAccessorImpl.java:45)
at java.lang.reflect.Constructor.newInstance(Constructor.java:423)
at org.openqa.selenium.remote.ErrorHandler.createThrowable(ErrorHandler.java:216)
at org.openqa.selenium.remote.ErrorHandler.throwIfResponseFailed(ErrorHandler.java:168)
at org.openqa.selenium.remote.ProtocolHandshake.createSession(ProtocolHandshake.java:363)
at org.openqa.selenium.remote.ProtocolHandshake.createSession(ProtocolHandshake.java:113)
at org.openqa.selenium.remote.HttpCommandExecutor.execute(HttpCommandExecutor.java:141)
at org.openqa.selenium.remote.RemoteWebDriver.execute(RemoteWebDriver.java:604)
at org.openqa.selenium.remote.RemoteWebDriver.startSession(RemoteWebDriver.java:244)
at org.openqa.selenium.remote.RemoteWebDriver.<init>(RemoteWebDriver.java:131)
at org.openqa.selenium.remote.RemoteWebDriver.<init>(RemoteWebDriver.java:158)
at appiumTest.CallMiA1.beforeTest(CallMiA1.java:42)
at sun.reflect.NativeMethodAccessorImpl.invoke0(Native Method)
at sun.reflect.NativeMethodAccessorImpl.invoke(NativeMethodAccessorImpl.java:62)
at sun.reflect.DelegatingMethodAccessorImpl.invoke(DelegatingMethodAccessorImpl.java:43)
at java.lang.reflect.Method.invoke(Method.java:498)
at org.testng.internal.MethodInvocationHelper.invokeMethod(MethodInvocationHelper.java:124)
at org.testng.internal.MethodInvocationHelper.invokeMethodConsideringTimeout(MethodInvocationHelper.java:59)
at org.testng.internal.Invoker.invokeConfigurationMethod(Invoker.java:455)
at org.testng.internal.Invoker.invokeConfigurations(Invoker.java:222)
at org.testng.internal.Invoker.invokeConfigurations(Invoker.java:142)
at org.testng.TestRunner.beforeRun(TestRunner.java:529)
at org.testng.TestRunner.run(TestRunner.java:497)
at org.testng.SuiteRunner.runTest(SuiteRunner.java:455)
at org.testng.SuiteRunner.runSequentially(SuiteRunner.java:450)
at org.testng.SuiteRunner.privateRun(SuiteRunner.java:415)
at org.testng.SuiteRunner.run(SuiteRunner.java:364)
at org.testng.SuiteRunnerWorker.runSuite(SuiteRunnerWorker.java:52)
at org.testng.SuiteRunnerWorker.run(SuiteRunnerWorker.java:84)
at org.testng.TestNG.runSuitesSequentially(TestNG.java:1208)
at org.testng.TestNG.runSuitesLocally(TestNG.java:1137)
at org.testng.TestNG.runSuites(TestNG.java:1049)
at org.testng.TestNG.run(TestNG.java:1017)
at org.testng.remote.AbstractRemoteTestNG.run(AbstractRemoteTestNG.java:114)
at org.testng.remote.RemoteTestNG.initAndRun(RemoteTestNG.java:251)
at org.testng.remote.RemoteTestNG.main(RemoteTestNG.java:77)
]]>
    </failure>
  </testcase> <!-- @BeforeTest beforeTest -->
  <testcase name="@AfterTest afterTest" time="0.0" classname="appiumTest.CallMiA1">
    <skipped/>
  </testcase> <!-- @AfterTest afterTest -->
  <testcase name="a1" time="0.0" classname="appiumTest.CallMiA1">
    <skipped/>
  </testcase> <!-- a1 -->
</testsuite> <!-- Default test -->
