<?xml version="1.0" encoding="UTF-8"?>
<testng-results skipped="1" failed="0" ignored="0" total="1" passed="0">
  <reporter-output>
  </reporter-output>
  <suite name="Default suite" duration-ms="13597" started-at="2019-07-21T07:40:15Z" finished-at="2019-07-21T07:40:29Z">
    <groups>
    </groups>
    <test name="Default test" duration-ms="13597" started-at="2019-07-21T07:40:15Z" finished-at="2019-07-21T07:40:29Z">
      <class name="appiumTest.CallMiA1">
        <test-method status="FAIL" signature="beforeTest()[pri:0, instance:appiumTest.CallMiA1@12cdcf4]" name="beforeTest" is-config="true" duration-ms="13442" started-at="2019-07-21T07:40:15Z" finished-at="2019-07-21T07:40:29Z">
          <exception class="org.openqa.selenium.SessionNotCreatedException">
            <message>
              <![CDATA[An unknown server-side error occurred while processing the command. Original error: Cannot start the 'com.google.android.dialer' application. Visit https://github.com/appium/appium/blob/master/docs/en/writing-running-appium/android/activity-startup.md for troubleshooting. Original error: Error executing adbExec. Original error: 'Command 'C\:\\android-sdk\\platform-tools\\adb.exe -P 5037 -s 198d6aec0104 shell am start -W -n com.google.android.dialer/com.android.dialer.app.calllog.CallLogActivity -S' exited with code 255'; Stderr: 'Security exception: Permission Denial: starting Intent { flg=0x10000000 cmp=com.google.android.dialer/com.android.dialer.app.calllog.CallLogActivity } from null (pid=22210, uid=2000) not exported from uid 10105

java.lang.SecurityException: Permission Denial: starting Intent { flg=0x10000000 cmp=com.google.android.dialer/com.android.dialer.app.calllog.CallLogActivity } from null (pid=22210, uid=2000) not exported from uid 10105
at com.android.server.am.ActivityStackSupervisor.checkStartAnyActivityPermission(ActivityStackSupervisor.java:1795)
at com.android.server.am.ActivityStarter.startActivity(ActivityStarter.java:721)
at com.android.server.am.ActivityStarter.startActivity(ActivityStarter.java:548)
at com.android.server.am.ActivityStarter.startActivityMayWait(ActivityStarter.java:1103)
at com.android.server.am.ActivityStarter.execute(ActivityStarter.java:490)
at com.android.server.am.ActivityManagerService.startActivityAndWait(ActivityManagerService.java:5337)
at com.android.server.am.ActivityManagerShellCommand.runStartActivity(ActivityManagerShellCommand.java:474)
at com.android.server.am.ActivityManagerShellCommand.onCommand(ActivityManagerShellCommand.java:161)
at android.os.ShellCommand.exec(ShellCommand.java:103)
at com.android.server.am.ActivityManagerService.onShellCommand(ActivityManagerService.java:16192)
at android.os.Binder.shellCommand(Binder.java:634)
at android.os.Binder.onTransact(Binder.java:532)
at android.app.IActivityManager$Stub.onTransact(IActivityManager.java:3592)
at com.android.server.am.ActivityManagerService.onTransact(ActivityManagerService.java:3346)
at android.os.Binder.execTransact(Binder.java:731)'; Code: '255' (WARNING: The server did not provide any stacktrace information)
Command duration or timeout: 0 milliseconds
Build info: version: 'unknown', revision: 'b526bd5', time: '2017-03-07 11:11:07 -0800'
System info: host: 'BASU-PC', ip: '192.168.3.18', os.name: 'Windows 7', os.arch: 'amd64', os.version: '6.1', java.version: '1.8.0_171'
Driver info: driver.version: RemoteWebDriver]]>
            </message>
            <full-stacktrace>
              <![CDATA[org.openqa.selenium.SessionNotCreatedException: An unknown server-side error occurred while processing the command. Original error: Cannot start the 'com.google.android.dialer' application. Visit https://github.com/appium/appium/blob/master/docs/en/writing-running-appium/android/activity-startup.md for troubleshooting. Original error: Error executing adbExec. Original error: 'Command 'C\:\\android-sdk\\platform-tools\\adb.exe -P 5037 -s 198d6aec0104 shell am start -W -n com.google.android.dialer/com.android.dialer.app.calllog.CallLogActivity -S' exited with code 255'; Stderr: 'Security exception: Permission Denial: starting Intent { flg=0x10000000 cmp=com.google.android.dialer/com.android.dialer.app.calllog.CallLogActivity } from null (pid=22210, uid=2000) not exported from uid 10105

java.lang.SecurityException: Permission Denial: starting Intent { flg=0x10000000 cmp=com.google.android.dialer/com.android.dialer.app.calllog.CallLogActivity } from null (pid=22210, uid=2000) not exported from uid 10105
at com.android.server.am.ActivityStackSupervisor.checkStartAnyActivityPermission(ActivityStackSupervisor.java:1795)
at com.android.server.am.ActivityStarter.startActivity(ActivityStarter.java:721)
at com.android.server.am.ActivityStarter.startActivity(ActivityStarter.java:548)
at com.android.server.am.ActivityStarter.startActivityMayWait(ActivityStarter.java:1103)
at com.android.server.am.ActivityStarter.execute(ActivityStarter.java:490)
at com.android.server.am.ActivityManagerService.startActivityAndWait(ActivityManagerService.java:5337)
at com.android.server.am.ActivityManagerShellCommand.runStartActivity(ActivityManagerShellCommand.java:474)
at com.android.server.am.ActivityManagerShellCommand.onCommand(ActivityManagerShellCommand.java:161)
at android.os.ShellCommand.exec(ShellCommand.java:103)
at com.android.server.am.ActivityManagerService.onShellCommand(ActivityManagerService.java:16192)
at android.os.Binder.shellCommand(Binder.java:634)
at android.os.Binder.onTransact(Binder.java:532)
at android.app.IActivityManager$Stub.onTransact(IActivityManager.java:3592)
at com.android.server.am.ActivityManagerService.onTransact(ActivityManagerService.java:3346)
at android.os.Binder.execTransact(Binder.java:731)'; Code: '255' (WARNING: The server did not provide any stacktrace information)
Command duration or timeout: 0 milliseconds
Build info: version: 'unknown', revision: 'b526bd5', time: '2017-03-07 11:11:07 -0800'
System info: host: 'BASU-PC', ip: '192.168.3.18', os.name: 'Windows 7', os.arch: 'amd64', os.version: '6.1', java.version: '1.8.0_171'
Driver info: driver.version: RemoteWebDriver
at sun.reflect.NativeConstructorAccessorImpl.newInstance0(Native Method)
at sun.reflect.NativeConstructorAccessorImpl.newInstance(NativeConstructorAccessorImpl.java:62)
at sun.reflect.DelegatingConstructorAccessorImpl.newInstance(DelegatingConstructorAccessorImpl.java:45)
at java.lang.reflect.Constructor.newInstance(Constructor.java:423)
at org.openqa.selenium.remote.ErrorHandler.createThrowable(ErrorHandler.java:216)
at org.openqa.selenium.remote.ErrorHandler.throwIfResponseFailed(ErrorHandler.java:168)
at org.openqa.selenium.remote.ProtocolHandshake.createSession(ProtocolHandshake.java:363)
at org.openqa.selenium.remote.ProtocolHandshake.createSession(ProtocolHandshake.java:113)
at org.openqa.selenium.remote.HttpCommandExecutor.execute(HttpCommandExecutor.java:141)
at org.openqa.selenium.remote.RemoteWebDriver.execute(RemoteWebDriver.java:604)
at org.openqa.selenium.remote.RemoteWebDriver.startSession(RemoteWebDriver.java:244)
at org.openqa.selenium.remote.RemoteWebDriver.<init>(RemoteWebDriver.java:131)
at org.openqa.selenium.remote.RemoteWebDriver.<init>(RemoteWebDriver.java:158)
at appiumTest.CallMiA1.beforeTest(CallMiA1.java:42)
at sun.reflect.NativeMethodAccessorImpl.invoke0(Native Method)
at sun.reflect.NativeMethodAccessorImpl.invoke(NativeMethodAccessorImpl.java:62)
at sun.reflect.DelegatingMethodAccessorImpl.invoke(DelegatingMethodAccessorImpl.java:43)
at java.lang.reflect.Method.invoke(Method.java:498)
at org.testng.internal.MethodInvocationHelper.invokeMethod(MethodInvocationHelper.java:124)
at org.testng.internal.MethodInvocationHelper.invokeMethodConsideringTimeout(MethodInvocationHelper.java:59)
at org.testng.internal.Invoker.invokeConfigurationMethod(Invoker.java:455)
at org.testng.internal.Invoker.invokeConfigurations(Invoker.java:222)
at org.testng.internal.Invoker.invokeConfigurations(Invoker.java:142)
at org.testng.TestRunner.beforeRun(TestRunner.java:529)
at org.testng.TestRunner.run(TestRunner.java:497)
at org.testng.SuiteRunner.runTest(SuiteRunner.java:455)
at org.testng.SuiteRunner.runSequentially(SuiteRunner.java:450)
at org.testng.SuiteRunner.privateRun(SuiteRunner.java:415)
at org.testng.SuiteRunner.run(SuiteRunner.java:364)
at org.testng.SuiteRunnerWorker.runSuite(SuiteRunnerWorker.java:52)
at org.testng.SuiteRunnerWorker.run(SuiteRunnerWorker.java:84)
at org.testng.TestNG.runSuitesSequentially(TestNG.java:1208)
at org.testng.TestNG.runSuitesLocally(TestNG.java:1137)
at org.testng.TestNG.runSuites(TestNG.java:1049)
at org.testng.TestNG.run(TestNG.java:1017)
at org.testng.remote.AbstractRemoteTestNG.run(AbstractRemoteTestNG.java:114)
at org.testng.remote.RemoteTestNG.initAndRun(RemoteTestNG.java:251)
at org.testng.remote.RemoteTestNG.main(RemoteTestNG.java:77)
]]>
            </full-stacktrace>
          </exception> <!-- org.openqa.selenium.SessionNotCreatedException -->
          <reporter-output>
          </reporter-output>
        </test-method> <!-- beforeTest -->
        <test-method status="SKIP" signature="a1()[pri:0, instance:appiumTest.CallMiA1@12cdcf4]" name="a1" duration-ms="0" started-at="2019-07-21T07:40:29Z" finished-at="2019-07-21T07:40:29Z">
          <exception class="org.openqa.selenium.SessionNotCreatedException">
            <message>
              <![CDATA[An unknown server-side error occurred while processing the command. Original error: Cannot start the 'com.google.android.dialer' application. Visit https://github.com/appium/appium/blob/master/docs/en/writing-running-appium/android/activity-startup.md for troubleshooting. Original error: Error executing adbExec. Original error: 'Command 'C\:\\android-sdk\\platform-tools\\adb.exe -P 5037 -s 198d6aec0104 shell am start -W -n com.google.android.dialer/com.android.dialer.app.calllog.CallLogActivity -S' exited with code 255'; Stderr: 'Security exception: Permission Denial: starting Intent { flg=0x10000000 cmp=com.google.android.dialer/com.android.dialer.app.calllog.CallLogActivity } from null (pid=22210, uid=2000) not exported from uid 10105

java.lang.SecurityException: Permission Denial: starting Intent { flg=0x10000000 cmp=com.google.android.dialer/com.android.dialer.app.calllog.CallLogActivity } from null (pid=22210, uid=2000) not exported from uid 10105
at com.android.server.am.ActivityStackSupervisor.checkStartAnyActivityPermission(ActivityStackSupervisor.java:1795)
at com.android.server.am.ActivityStarter.startActivity(ActivityStarter.java:721)
at com.android.server.am.ActivityStarter.startActivity(ActivityStarter.java:548)
at com.android.server.am.ActivityStarter.startActivityMayWait(ActivityStarter.java:1103)
at com.android.server.am.ActivityStarter.execute(ActivityStarter.java:490)
at com.android.server.am.ActivityManagerService.startActivityAndWait(ActivityManagerService.java:5337)
at com.android.server.am.ActivityManagerShellCommand.runStartActivity(ActivityManagerShellCommand.java:474)
at com.android.server.am.ActivityManagerShellCommand.onCommand(ActivityManagerShellCommand.java:161)
at android.os.ShellCommand.exec(ShellCommand.java:103)
at com.android.server.am.ActivityManagerService.onShellCommand(ActivityManagerService.java:16192)
at android.os.Binder.shellCommand(Binder.java:634)
at android.os.Binder.onTransact(Binder.java:532)
at android.app.IActivityManager$Stub.onTransact(IActivityManager.java:3592)
at com.android.server.am.ActivityManagerService.onTransact(ActivityManagerService.java:3346)
at android.os.Binder.execTransact(Binder.java:731)'; Code: '255' (WARNING: The server did not provide any stacktrace information)
Command duration or timeout: 0 milliseconds
Build info: version: 'unknown', revision: 'b526bd5', time: '2017-03-07 11:11:07 -0800'
System info: host: 'BASU-PC', ip: '192.168.3.18', os.name: 'Windows 7', os.arch: 'amd64', os.version: '6.1', java.version: '1.8.0_171'
Driver info: driver.version: RemoteWebDriver]]>
            </message>
            <full-stacktrace>
              <![CDATA[org.openqa.selenium.SessionNotCreatedException: An unknown server-side error occurred while processing the command. Original error: Cannot start the 'com.google.android.dialer' application. Visit https://github.com/appium/appium/blob/master/docs/en/writing-running-appium/android/activity-startup.md for troubleshooting. Original error: Error executing adbExec. Original error: 'Command 'C\:\\android-sdk\\platform-tools\\adb.exe -P 5037 -s 198d6aec0104 shell am start -W -n com.google.android.dialer/com.android.dialer.app.calllog.CallLogActivity -S' exited with code 255'; Stderr: 'Security exception: Permission Denial: starting Intent { flg=0x10000000 cmp=com.google.android.dialer/com.android.dialer.app.calllog.CallLogActivity } from null (pid=22210, uid=2000) not exported from uid 10105

java.lang.SecurityException: Permission Denial: starting Intent { flg=0x10000000 cmp=com.google.android.dialer/com.android.dialer.app.calllog.CallLogActivity } from null (pid=22210, uid=2000) not exported from uid 10105
at com.android.server.am.ActivityStackSupervisor.checkStartAnyActivityPermission(ActivityStackSupervisor.java:1795)
at com.android.server.am.ActivityStarter.startActivity(ActivityStarter.java:721)
at com.android.server.am.ActivityStarter.startActivity(ActivityStarter.java:548)
at com.android.server.am.ActivityStarter.startActivityMayWait(ActivityStarter.java:1103)
at com.android.server.am.ActivityStarter.execute(ActivityStarter.java:490)
at com.android.server.am.ActivityManagerService.startActivityAndWait(ActivityManagerService.java:5337)
at com.android.server.am.ActivityManagerShellCommand.runStartActivity(ActivityManagerShellCommand.java:474)
at com.android.server.am.ActivityManagerShellCommand.onCommand(ActivityManagerShellCommand.java:161)
at android.os.ShellCommand.exec(ShellCommand.java:103)
at com.android.server.am.ActivityManagerService.onShellCommand(ActivityManagerService.java:16192)
at android.os.Binder.shellCommand(Binder.java:634)
at android.os.Binder.onTransact(Binder.java:532)
at android.app.IActivityManager$Stub.onTransact(IActivityManager.java:3592)
at com.android.server.am.ActivityManagerService.onTransact(ActivityManagerService.java:3346)
at android.os.Binder.execTransact(Binder.java:731)'; Code: '255' (WARNING: The server did not provide any stacktrace information)
Command duration or timeout: 0 milliseconds
Build info: version: 'unknown', revision: 'b526bd5', time: '2017-03-07 11:11:07 -0800'
System info: host: 'BASU-PC', ip: '192.168.3.18', os.name: 'Windows 7', os.arch: 'amd64', os.version: '6.1', java.version: '1.8.0_171'
Driver info: driver.version: RemoteWebDriver
at sun.reflect.NativeConstructorAccessorImpl.newInstance0(Native Method)
at sun.reflect.NativeConstructorAccessorImpl.newInstance(NativeConstructorAccessorImpl.java:62)
at sun.reflect.DelegatingConstructorAccessorImpl.newInstance(DelegatingConstructorAccessorImpl.java:45)
at java.lang.reflect.Constructor.newInstance(Constructor.java:423)
at org.openqa.selenium.remote.ErrorHandler.createThrowable(ErrorHandler.java:216)
at org.openqa.selenium.remote.ErrorHandler.throwIfResponseFailed(ErrorHandler.java:168)
at org.openqa.selenium.remote.ProtocolHandshake.createSession(ProtocolHandshake.java:363)
at org.openqa.selenium.remote.ProtocolHandshake.createSession(ProtocolHandshake.java:113)
at org.openqa.selenium.remote.HttpCommandExecutor.execute(HttpCommandExecutor.java:141)
at org.openqa.selenium.remote.RemoteWebDriver.execute(RemoteWebDriver.java:604)
at org.openqa.selenium.remote.RemoteWebDriver.startSession(RemoteWebDriver.java:244)
at org.openqa.selenium.remote.RemoteWebDriver.<init>(RemoteWebDriver.java:131)
at org.openqa.selenium.remote.RemoteWebDriver.<init>(RemoteWebDriver.java:158)
at appiumTest.CallMiA1.beforeTest(CallMiA1.java:42)
at sun.reflect.NativeMethodAccessorImpl.invoke0(Native Method)
at sun.reflect.NativeMethodAccessorImpl.invoke(NativeMethodAccessorImpl.java:62)
at sun.reflect.DelegatingMethodAccessorImpl.invoke(DelegatingMethodAccessorImpl.java:43)
at java.lang.reflect.Method.invoke(Method.java:498)
at org.testng.internal.MethodInvocationHelper.invokeMethod(MethodInvocationHelper.java:124)
at org.testng.internal.MethodInvocationHelper.invokeMethodConsideringTimeout(MethodInvocationHelper.java:59)
at org.testng.internal.Invoker.invokeConfigurationMethod(Invoker.java:455)
at org.testng.internal.Invoker.invokeConfigurations(Invoker.java:222)
at org.testng.internal.Invoker.invokeConfigurations(Invoker.java:142)
at org.testng.TestRunner.beforeRun(TestRunner.java:529)
at org.testng.TestRunner.run(TestRunner.java:497)
at org.testng.SuiteRunner.runTest(SuiteRunner.java:455)
at org.testng.SuiteRunner.runSequentially(SuiteRunner.java:450)
at org.testng.SuiteRunner.privateRun(SuiteRunner.java:415)
at org.testng.SuiteRunner.run(SuiteRunner.java:364)
at org.testng.SuiteRunnerWorker.runSuite(SuiteRunnerWorker.java:52)
at org.testng.SuiteRunnerWorker.run(SuiteRunnerWorker.java:84)
at org.testng.TestNG.runSuitesSequentially(TestNG.java:1208)
at org.testng.TestNG.runSuitesLocally(TestNG.java:1137)
at org.testng.TestNG.runSuites(TestNG.java:1049)
at org.testng.TestNG.run(TestNG.java:1017)
at org.testng.remote.AbstractRemoteTestNG.run(AbstractRemoteTestNG.java:114)
at org.testng.remote.RemoteTestNG.initAndRun(RemoteTestNG.java:251)
at org.testng.remote.RemoteTestNG.main(RemoteTestNG.java:77)
]]>
            </full-stacktrace>
          </exception> <!-- org.openqa.selenium.SessionNotCreatedException -->
          <reporter-output>
          </reporter-output>
        </test-method> <!-- a1 -->
        <test-method status="SKIP" signature="afterTest()[pri:0, instance:appiumTest.CallMiA1@12cdcf4]" name="afterTest" is-config="true" duration-ms="0" started-at="2019-07-21T07:40:29Z" finished-at="2019-07-21T07:40:29Z">
          <reporter-output>
          </reporter-output>
        </test-method> <!-- afterTest -->
      </class> <!-- appiumTest.CallMiA1 -->
    </test> <!-- Default test -->
  </suite> <!-- Default suite -->
</testng-results>
